This is pdfTeX, Version 3.141592653-2.6-1.40.24 (TeX Live 2022) (preloaded format=pdflatex 2023.3.1)  8 MAY 2023 21:13
entering extended mode
 restricted \write18 enabled.
 file:line:error style messages enabled.
 %&-line parsing enabled.
**c:/Users/akhia/Documents/SHU-Bachelor-Thesis-OSC-master/main
(c:/Users/akhia/Documents/SHU-Bachelor-Thesis-OSC-master/main.tex
LaTeX2e <2021-11-15> patch level 1
L3 programming layer <2022-02-24> (./shuthesis.cls
Document Class: shuthesis 2017/05/05 v2.0 Shanghai University Thesis Template
(c:/texlive/2022/texmf-dist/tex/latex/kvoptions/kvoptions.sty
Package: kvoptions 2020-10-07 v3.14 Key value format for package options (HO)
 (c:/texlive/2022/texmf-dist/tex/latex/graphics/keyval.sty
Package: keyval 2014/10/28 v1.15 key=value parser (DPC)
\KV@toks@=\toks16
) (c:/texlive/2022/texmf-dist/tex/generic/ltxcmds/ltxcmds.sty
Package: ltxcmds 2020-05-10 v1.25 LaTeX kernel commands for general use (HO)
) (c:/texlive/2022/texmf-dist/tex/generic/kvsetkeys/kvsetkeys.sty
Package: kvsetkeys 2019/12/15 v1.18 Key value parser (HO)
)) (c:/texlive/2022/texmf-dist/tex/latex/ctex/ctexbook.cls (c:/texlive/2022/texmf-dist/tex/latex/ctex/config/ctexbackend.cfg
File: ctexbackend.cfg 2021/12/12 v2.5.8 Backend configuration file (CTEX)
) (c:/texlive/2022/texmf-dist/tex/latex/l3kernel/expl3.sty
Package: expl3 2022-02-24 L3 programming layer (loader) 
 (c:/texlive/2022/texmf-dist/tex/latex/l3backend/l3backend-pdftex.def
File: l3backend-pdftex.def 2022-02-07 L3 backend support: PDF output (pdfTeX)
\l__color_backend_stack_int=\count185
\l__pdf_internal_box=\box50
))
Document Class: ctexbook 2021/12/12 v2.5.8 Chinese adapter for class book (CTEX)
(c:/texlive/2022/texmf-dist/tex/latex/l3packages/xparse/xparse.sty
Package: xparse 2022-01-12 L3 Experimental document command parser
) (c:/texlive/2022/texmf-dist/tex/latex/l3packages/l3keys2e/l3keys2e.sty
Package: l3keys2e 2022-01-12 LaTeX2e option processing using LaTeX3 keys
) (c:/texlive/2022/texmf-dist/tex/latex/ctex/ctexhook.sty
Package: ctexhook 2021/12/12 v2.5.8 Document and package hooks (CTEX)
) (c:/texlive/2022/texmf-dist/tex/latex/ctex/ctexpatch.sty
Package: ctexpatch 2021/12/12 v2.5.8 Patching commands (CTEX)
) (c:/texlive/2022/texmf-dist/tex/latex/base/fix-cm.sty
Package: fix-cm 2020/11/24 v1.1t fixes to LaTeX
 (c:/texlive/2022/texmf-dist/tex/latex/base/ts1enc.def
File: ts1enc.def 2001/06/05 v3.0e (jk/car/fm) Standard LaTeX file
LaTeX Font Info:    Redeclaring font encoding TS1 on input line 47.
))
\l__ctex_tmp_int=\count186
\l__ctex_tmp_box=\box51
\l__ctex_tmp_dim=\dimen138
\g__ctex_section_depth_int=\count187
\g__ctex_font_size_int=\count188
 (c:/texlive/2022/texmf-dist/tex/latex/ctex/config/ctexopts.cfg
File: ctexopts.cfg 2021/12/12 v2.5.8 Option configuration file (CTEX)
) (c:/texlive/2022/texmf-dist/tex/latex/base/book.cls
Document Class: book 2021/10/04 v1.4n Standard LaTeX document class
(c:/texlive/2022/texmf-dist/tex/latex/base/bk12.clo
File: bk12.clo 2021/10/04 v1.4n Standard LaTeX file (size option)
)
\c@part=\count189
\c@chapter=\count190
\c@section=\count191
\c@subsection=\count192
\c@subsubsection=\count193
\c@paragraph=\count194
\c@subparagraph=\count195
\c@figure=\count196
\c@table=\count197
\abovecaptionskip=\skip47
\belowcaptionskip=\skip48
\bibindent=\dimen139
) (c:/texlive/2022/texmf-dist/tex/latex/ctex/engine/ctex-engine-pdftex.def
File: ctex-engine-pdftex.def 2021/12/12 v2.5.8 (pdf)LaTeX adapter (CTEX)
 (c:/texlive/2022/texmf-dist/tex/latex/cjk/texinput/CJKutf8.sty
Package: CJKutf8 2021/10/16 4.8.5
 (c:/texlive/2022/texmf-dist/tex/generic/iftex/ifpdf.sty
Package: ifpdf 2019/10/25 v3.4 ifpdf legacy package. Use iftex instead.
 (c:/texlive/2022/texmf-dist/tex/generic/iftex/iftex.sty
Package: iftex 2022/02/03 v1.0f TeX engine tests
)) (c:/texlive/2022/texmf-dist/tex/latex/base/inputenc.sty
Package: inputenc 2021/02/14 v1.3d Input encoding file
\inpenc@prehook=\toks17
\inpenc@posthook=\toks18
) (c:/texlive/2022/texmf-dist/tex/latex/cjk/texinput/CJK.sty
Package: CJK 2021/10/16 4.8.5
 (c:/texlive/2022/texmf-dist/tex/latex/cjk/texinput/mule/MULEenc.sty
Package: MULEenc 2021/10/16 4.8.5
) (c:/texlive/2022/texmf-dist/tex/latex/cjk/texinput/CJK.enc
File: CJK.enc 2021/10/16 4.8.5
Now handling font encoding C00 ...
... no UTF-8 mapping file for font encoding C00
Now handling font encoding C05 ...
... no UTF-8 mapping file for font encoding C05
Now handling font encoding C09 ...
... no UTF-8 mapping file for font encoding C09
Now handling font encoding C10 ...
... no UTF-8 mapping file for font encoding C10
Now handling font encoding C20 ...
... no UTF-8 mapping file for font encoding C20
Now handling font encoding C19 ...
... no UTF-8 mapping file for font encoding C19
Now handling font encoding C40 ...
... no UTF-8 mapping file for font encoding C40
Now handling font encoding C42 ...
... no UTF-8 mapping file for font encoding C42
Now handling font encoding C43 ...
... no UTF-8 mapping file for font encoding C43
Now handling font encoding C50 ...
... no UTF-8 mapping file for font encoding C50
Now handling font encoding C52 ...
... no UTF-8 mapping file for font encoding C52
Now handling font encoding C49 ...
... no UTF-8 mapping file for font encoding C49
Now handling font encoding C60 ...
... no UTF-8 mapping file for font encoding C60
Now handling font encoding C61 ...
... no UTF-8 mapping file for font encoding C61
Now handling font encoding C63 ...
... no UTF-8 mapping file for font encoding C63
Now handling font encoding C64 ...
... no UTF-8 mapping file for font encoding C64
Now handling font encoding C65 ...
... no UTF-8 mapping file for font encoding C65
Now handling font encoding C70 ...
... no UTF-8 mapping file for font encoding C70
Now handling font encoding C31 ...
... no UTF-8 mapping file for font encoding C31
Now handling font encoding C32 ...
... no UTF-8 mapping file for font encoding C32
Now handling font encoding C33 ...
... no UTF-8 mapping file for font encoding C33
Now handling font encoding C34 ...
... no UTF-8 mapping file for font encoding C34
Now handling font encoding C35 ...
... no UTF-8 mapping file for font encoding C35
Now handling font encoding C36 ...
... no UTF-8 mapping file for font encoding C36
Now handling font encoding C37 ...
... no UTF-8 mapping file for font encoding C37
Now handling font encoding C80 ...
... no UTF-8 mapping file for font encoding C80
Now handling font encoding C81 ...
... no UTF-8 mapping file for font encoding C81
Now handling font encoding C01 ...
... no UTF-8 mapping file for font encoding C01
Now handling font encoding C11 ...
... no UTF-8 mapping file for font encoding C11
Now handling font encoding C21 ...
... no UTF-8 mapping file for font encoding C21
Now handling font encoding C41 ...
... no UTF-8 mapping file for font encoding C41
Now handling font encoding C62 ...
... no UTF-8 mapping file for font encoding C62
)
\CJK@indent=\box52
) (c:/texlive/2022/texmf-dist/tex/latex/base/fontenc.sty
Package: fontenc 2021/04/29 v2.0v Standard LaTeX package
)) (c:/texlive/2022/texmf-dist/tex/latex/cjkpunct/CJKpunct.sty
Package: CJKpunct 2016/05/14 4.8.4
\CJKpunct@cnta=\count198
\CJKpunct@cntb=\count199
\CJKpunct@cntc=\count266
\CJKpunct@cntd=\count267
\CJKpunct@cnte=\count268
   defining Unicode char U+2018 (decimal 8216)
   defining Unicode char U+2019 (decimal 8217)
   defining Unicode char U+201C (decimal 8220)
   defining Unicode char U+201D (decimal 8221)
   defining Unicode char U+2014 (decimal 8212)
   defining Unicode char U+2026 (decimal 8230)
 (c:/texlive/2022/texmf-dist/tex/latex/cjkpunct/CJKpunct.spa)) (c:/texlive/2022/texmf-dist/tex/latex/cjk/texinput/CJKspace.sty
Package: CJKspace 2021/10/16 3.8.0
) (c:/texlive/2022/texmf-dist/tex/latex/ctex/ctexspa.def
File: ctexspa.def 2021/12/12 v2.5.8 Space info for CJKpunct (CTEX)
)
\ccwd=\dimen140
\l__ctex_ccglue_skip=\skip49
)
\l__ctex_ziju_dim=\dimen141
 (c:/texlive/2022/texmf-dist/tex/latex/zhnumber/zhnumber.sty
Package: zhnumber 2020/05/01 v2.8 Typesetting numbers with Chinese glyphs
\l__zhnum_scale_int=\count269
\l__zhnum_byte_min_int=\count270
\l__zhnum_byte_max_int=\count271
 (c:/texlive/2022/texmf-dist/tex/latex/zhnumber/zhnumber-utf8.cfg
File: zhnumber-utf8.cfg 2020/05/01 v2.8 Chinese numerals with UTF8 encoding
))
\l__ctex_heading_skip=\skip50
 (c:/texlive/2022/texmf-dist/tex/latex/ctex/scheme/ctex-scheme-plain-book.def
File: ctex-scheme-plain-book.def 2021/12/12 v2.5.8 Plain scheme for book (CTEX)
) (c:/texlive/2022/texmf-dist/tex/latex/ctex/ctex-cs4size.clo
File: ctex-cs4size.clo 2021/12/12 v2.5.8 cs4size option (CTEX)
) (c:/texlive/2022/texmf-dist/tex/latex/ctex/fontset/ctex-fontset-windows.def
File: ctex-fontset-windows.def 2021/12/12 v2.5.8 Windows fonts definition (CTEX)
)) (c:/texlive/2022/texmf-dist/tex/latex/ctex/config/ctex.cfg
File: ctex.cfg 2021/12/12 v2.5.8 Configuration file (CTEX)
) (c:/texlive/2022/texmf-dist/tex/generic/iftex/ifxetex.sty
Package: ifxetex 2019/10/25 v0.7 ifxetex legacy package. Use iftex instead.
) (c:/texlive/2022/texmf-dist/tex/latex/etoolbox/etoolbox.sty
Package: etoolbox 2020/10/05 v2.5k e-TeX tools for LaTeX (JAW)
\etb@tempcnta=\count272
) (c:/texlive/2022/texmf-dist/tex/latex/amsmath/amsmath.sty
Package: amsmath 2021/10/15 v2.17l AMS math features
\@mathmargin=\skip51

For additional information on amsmath, use the `?' option.
(c:/texlive/2022/texmf-dist/tex/latex/amsmath/amstext.sty
Package: amstext 2021/08/26 v2.01 AMS text
 (c:/texlive/2022/texmf-dist/tex/latex/amsmath/amsgen.sty
File: amsgen.sty 1999/11/30 v2.0 generic functions
\@emptytoks=\toks19
\ex@=\dimen142
)) (c:/texlive/2022/texmf-dist/tex/latex/amsmath/amsbsy.sty
Package: amsbsy 1999/11/29 v1.2d Bold Symbols
\pmbraise@=\dimen143
) (c:/texlive/2022/texmf-dist/tex/latex/amsmath/amsopn.sty
Package: amsopn 2021/08/26 v2.02 operator names
)
\inf@bad=\count273
LaTeX Info: Redefining \frac on input line 234.
\uproot@=\count274
\leftroot@=\count275
LaTeX Info: Redefining \overline on input line 399.
\classnum@=\count276
\DOTSCASE@=\count277
LaTeX Info: Redefining \ldots on input line 496.
LaTeX Info: Redefining \dots on input line 499.
LaTeX Info: Redefining \cdots on input line 620.
\Mathstrutbox@=\box53
\strutbox@=\box54
\big@size=\dimen144
LaTeX Font Info:    Redeclaring font encoding OML on input line 743.
LaTeX Font Info:    Redeclaring font encoding OMS on input line 744.
\macc@depth=\count278
\c@MaxMatrixCols=\count279
\dotsspace@=\muskip16
\c@parentequation=\count280
\dspbrk@lvl=\count281
\tag@help=\toks20
\row@=\count282
\column@=\count283
\maxfields@=\count284
\andhelp@=\toks21
\eqnshift@=\dimen145
\alignsep@=\dimen146
\tagshift@=\dimen147
\tagwidth@=\dimen148
\totwidth@=\dimen149
\lineht@=\dimen150
\@envbody=\toks22
\multlinegap=\skip52
\multlinetaggap=\skip53
\mathdisplay@stack=\toks23
LaTeX Info: Redefining \[ on input line 2938.
LaTeX Info: Redefining \] on input line 2939.
) (c:/texlive/2022/texmf-dist/tex/latex/amsfonts/amssymb.sty
Package: amssymb 2013/01/14 v3.01 AMS font symbols
 (c:/texlive/2022/texmf-dist/tex/latex/amsfonts/amsfonts.sty
Package: amsfonts 2013/01/14 v3.01 Basic AMSFonts support
\symAMSa=\mathgroup4
\symAMSb=\mathgroup5
LaTeX Font Info:    Redeclaring math symbol \hbar on input line 98.
LaTeX Font Info:    Overwriting math alphabet `\mathfrak' in version `bold'
(Font)                  U/euf/m/n --> U/euf/b/n on input line 106.
)) (c:/texlive/2022/texmf-dist/tex/latex/jknapltx/mathrsfs.sty
Package: mathrsfs 1996/01/01 Math RSFS package v1.0 (jk)
\symrsfs=\mathgroup6
) (c:/texlive/2022/texmf-dist/tex/latex/tools/bm.sty
Package: bm 2021/04/25 v1.2e Bold Symbol Support (DPC/FMi)
\symboldoperators=\mathgroup7
\symboldletters=\mathgroup8
\symboldsymbols=\mathgroup9
Package bm Info: No bold for \OMX/cmex/m/n, using \pmb.
Package bm Info: No bold for \U/msa/m/n, using \pmb.
Package bm Info: No bold for \U/msb/m/n, using \pmb.
Package bm Info: No bold for \U/rsfs/m/n, using \pmb.
LaTeX Font Info:    Redeclaring math alphabet \mathbf on input line 149.
) (c:/texlive/2022/texmf-dist/tex/latex/mathtools/mathtools.sty
Package: mathtools 2022/02/07 v1.28a mathematical typesetting tools
 (c:/texlive/2022/texmf-dist/tex/latex/tools/calc.sty
Package: calc 2017/05/25 v4.3 Infix arithmetic (KKT,FJ)
\calc@Acount=\count285
\calc@Bcount=\count286
\calc@Adimen=\dimen151
\calc@Bdimen=\dimen152
\calc@Askip=\skip54
\calc@Bskip=\skip55
LaTeX Info: Redefining \setlength on input line 80.
LaTeX Info: Redefining \addtolength on input line 81.
\calc@Ccount=\count287
\calc@Cskip=\skip56
) (c:/texlive/2022/texmf-dist/tex/latex/mathtools/mhsetup.sty
Package: mhsetup 2021/03/18 v1.4 programming setup (MH)
)
\g_MT_multlinerow_int=\count288
\l_MT_multwidth_dim=\dimen153
\origjot=\skip57
\l_MT_shortvdotswithinadjustabove_dim=\dimen154
\l_MT_shortvdotswithinadjustbelow_dim=\dimen155
\l_MT_above_intertext_sep=\dimen156
\l_MT_below_intertext_sep=\dimen157
\l_MT_above_shortintertext_sep=\dimen158
\l_MT_below_shortintertext_sep=\dimen159
\xmathstrut@box=\box55
\xmathstrut@dim=\dimen160
) (c:/texlive/2022/texmf-dist/tex/latex/newtx/newtxtext.sty
Package: newtxtext 2022/02/28 v1.71(Michael Sharpe) latex and unicode latex support for TeXGyreTermesX
 `newtxtext' v1.71, 2022/02/28 Text macros taking advantage of TeXGyre Termes and its extensions (msharpe) (c:/texlive/2022/texmf-dist/tex/latex/xkeyval/xkeyval.sty
Package: xkeyval 2020/11/20 v2.8 package option processing (HA)
 (c:/texlive/2022/texmf-dist/tex/generic/xkeyval/xkeyval.tex (c:/texlive/2022/texmf-dist/tex/generic/xkeyval/xkvutils.tex
\XKV@toks=\toks24
\XKV@tempa@toks=\toks25
)
\XKV@depth=\count289
File: xkeyval.tex 2014/12/03 v2.7a key=value parser (HA)
)) (c:/texlive/2022/texmf-dist/tex/latex/base/textcomp.sty
Package: textcomp 2020/02/02 v2.0n Standard LaTeX package
) (c:/texlive/2022/texmf-dist/tex/generic/xstring/xstring.sty (c:/texlive/2022/texmf-dist/tex/generic/xstring/xstring.tex
\integerpart=\count290
\decimalpart=\count291
)
Package: xstring 2021/07/21 v1.84 String manipulations (CT)
) (c:/texlive/2022/texmf-dist/tex/latex/base/ifthen.sty
Package: ifthen 2020/11/24 v1.1c Standard LaTeX ifthen package (DPC)
) (c:/texlive/2022/texmf-dist/tex/latex/carlisle/scalefnt.sty)
LaTeX Font Info:    Setting ntxLF sub-encoding to TS1/0 on input line 21.
LaTeX Font Info:    Setting ntxTLF sub-encoding to TS1/0 on input line 21.
LaTeX Font Info:    Setting ntxOsF sub-encoding to TS1/0 on input line 21.
LaTeX Font Info:    Setting ntxTOsF sub-encoding to TS1/0 on input line 21.
 (c:/texlive/2022/texmf-dist/tex/generic/kastrup/binhex.tex)
\ntx@tmpcnta=\count292
\ntx@cnt=\count293

ntx@otftextfalse
(c:/texlive/2022/texmf-dist/tex/latex/fontaxes/fontaxes.sty
Package: fontaxes 2020/07/21 v1.0e Font selection axes
LaTeX Info: Redefining \upshape on input line 29.
LaTeX Info: Redefining \itshape on input line 31.
LaTeX Info: Redefining \slshape on input line 33.
LaTeX Info: Redefining \swshape on input line 35.
LaTeX Info: Redefining \scshape on input line 37.
LaTeX Info: Redefining \sscshape on input line 39.
LaTeX Info: Redefining \ulcshape on input line 41.
LaTeX Info: Redefining \textsw on input line 47.
LaTeX Info: Redefining \textssc on input line 48.
LaTeX Info: Redefining \textulc on input line 49.
)
LaTeX Info: Redefining \oldstylenums on input line 657.
) (c:/texlive/2022/texmf-dist/tex/latex/psnfss/courier.sty
Package: courier 2020/03/25 PSNFSS-v9.3 (WaS) 
) (c:/texlive/2022/texmf-dist/tex/latex/graphics/graphicx.sty
Package: graphicx 2021/09/16 v1.2d Enhanced LaTeX Graphics (DPC,SPQR)
 (c:/texlive/2022/texmf-dist/tex/latex/graphics/graphics.sty
Package: graphics 2021/03/04 v1.4d Standard LaTeX Graphics (DPC,SPQR)
 (c:/texlive/2022/texmf-dist/tex/latex/graphics/trig.sty
Package: trig 2021/08/11 v1.11 sin cos tan (DPC)
) (c:/texlive/2022/texmf-dist/tex/latex/graphics-cfg/graphics.cfg
File: graphics.cfg 2016/06/04 v1.11 sample graphics configuration
)
Package graphics Info: Driver file: pdftex.def on input line 107.
 (c:/texlive/2022/texmf-dist/tex/latex/graphics-def/pdftex.def
File: pdftex.def 2020/10/05 v1.2a Graphics/color driver for pdftex
))
\Gin@req@height=\dimen161
\Gin@req@width=\dimen162
) (c:/texlive/2022/texmf-dist/tex/latex/caption/subcaption.sty
Package: subcaption 2022/01/07 v1.5 Sub-captions (AR)
 (c:/texlive/2022/texmf-dist/tex/latex/caption/caption.sty
Package: caption 2022/03/01 v3.6b Customizing captions (AR)
 (c:/texlive/2022/texmf-dist/tex/latex/caption/caption3.sty
Package: caption3 2022/03/17 v2.3b caption3 kernel (AR)
\caption@tempdima=\dimen163
\captionmargin=\dimen164
\caption@leftmargin=\dimen165
\caption@rightmargin=\dimen166
\caption@width=\dimen167
\caption@indent=\dimen168
\caption@parindent=\dimen169
\caption@hangindent=\dimen170
Package caption Info: Standard document class detected.
)
\c@caption@flags=\count294
\c@continuedfloat=\count295
)
\c@subfigure=\count296
\c@subtable=\count297
) (c:/texlive/2022/texmf-dist/tex/latex/enumitem/enumitem.sty
Package: enumitem 2019/06/20 v3.9 Customized lists
\labelindent=\skip58
\enit@outerparindent=\dimen171
\enit@toks=\toks26
\enit@inbox=\box56
\enit@count@id=\count298
\enitdp@description=\count299
) (c:/texlive/2022/texmf-dist/tex/latex/environ/environ.sty
Package: environ 2014/05/04 v0.3 A new way to define environments
 (c:/texlive/2022/texmf-dist/tex/latex/trimspaces/trimspaces.sty
Package: trimspaces 2009/09/17 v1.1 Trim spaces around a token list
)) (c:/texlive/2022/texmf-dist/tex/latex/footmisc/footmisc.sty
Package: footmisc 2022/03/08 v6.0d a miscellany of footnote facilities
\FN@temptoken=\toks27
\footnotemargin=\dimen172
\@outputbox@depth=\dimen173
 (c:/texlive/2022/texmf-dist/tex/latex/bigfoot/perpage.sty
Package: perpage 2014/10/25 2.0 Reset/sort counters per page
\c@abspage=\count300
)
\c@pp@a@footnote=\count301
Package footmisc Info: Declaring symbol style bringhurst on input line 695.
Package footmisc Info: Declaring symbol style chicago on input line 703.
Package footmisc Info: Declaring symbol style wiley on input line 712.
Package footmisc Info: Declaring symbol style lamport-robust on input line 723.
Package footmisc Info: Declaring symbol style lamport* on input line 743.
Package footmisc Info: Declaring symbol style lamport*-robust on input line 764.
) (c:/texlive/2022/texmf-dist/tex/latex/psnfss/pifont.sty
Package: pifont 2020/03/25 PSNFSS-v9.3 Pi font support (SPQR) 
LaTeX Font Info:    Trying to load font information for U+pzd on input line 63.
 (c:/texlive/2022/texmf-dist/tex/latex/psnfss/upzd.fd
File: upzd.fd 2001/06/04 font definitions for U/pzd.
)
LaTeX Font Info:    Trying to load font information for U+psy on input line 64.
 (c:/texlive/2022/texmf-dist/tex/latex/psnfss/upsy.fd
File: upsy.fd 2001/06/04 font definitions for U/psy.
)) (c:/texlive/2022/texmf-dist/tex/latex/cjk/texinput/CJKfntef.sty
Package: CJKfntef 2021/10/16 4.8.5
 (c:/texlive/2022/texmf-dist/tex/latex/cjk/texinput/CJKulem.sty
Package: CJKulem 2021/10/16 4.8.5
 (c:/texlive/2022/texmf-dist/tex/generic/ulem/ulem.sty
\UL@box=\box57
\UL@hyphenbox=\box58
\UL@skip=\skip59
\UL@hook=\toks28
\UL@height=\dimen174
\UL@pe=\count302
\UL@pixel=\dimen175
\ULC@box=\box59
Package: ulem 2019/11/18
\ULdepth=\dimen176
)
\UL@lastkern=\dimen177
\CJK@skip=\skip60
)
\CJK@fntefSkip=\skip61
\CJK@nest=\count303
\CJK@fntefDimen=\dimen178
\CJK@underdotBox=\box60
\CJK@ULbox=\box61
\CJK@underanyskip=\dimen179
) (c:/texlive/2022/texmf-dist/tex/latex/ntheorem/ntheorem.sty
Style `ntheorem', Version 1.33 <2011/08/15>
Package: ntheorem 2011/08/15 1.33
\theorem@style=\toks29
\theorem@@style=\toks30
\theorembodyfont=\toks31
\theoremnumbering=\toks32
\theorempreskipamount=\skip62
\theorempostskipamount=\skip63
\theoremframepreskipamount=\skip64
\theoremframepostskipamount=\skip65
\theoreminframepreskipamount=\skip66
\theoreminframepostskipamount=\skip67
\theorem@preskip=\toks33
\theorem@postskip=\toks34
\theorem@framepreskip=\toks35
\theorem@framepostskip=\toks36
\theorem@inframepreskip=\toks37
\theorem@inframepostskip=\toks38
\theoremindent=\dimen180
\theorem@indent=\dimen181
\theoremrightindent=\dimen182
\theorem@rightindent=\dimen183
\theoremheaderfont=\toks39
\theoremseparator=\toks40
\theoremprework=\toks41
\theorempostwork=\toks42
\theoremsymbol=\toks43
\qedsymbol=\toks44
\theoremkeyword=\toks45
\qedsymbol=\toks46
\thm@topsep=\skip68
\thm@topsepadd=\skip69
Package ntheorem Info: Option `thmmarks' loaded on input line 1175.
\c@endNonectr=\count304
\c@currNonectr=\count305
\mysavskip=\skip70
Package ntheorem Info: option `amsmath' handling for `thmmarks' loaded on input line 1175.
\thm@amstmpdepth=\dimen184
\tagwidth=\dimen185
) (c:/texlive/2022/texmf-dist/tex/latex/tools/array.sty
Package: array 2021/10/04 v2.5f Tabular extension package (FMi)
\col@sep=\dimen186
\ar@mcellbox=\box62
\extrarowheight=\dimen187
\NC@list=\toks47
\extratabsurround=\skip71
\backup@length=\skip72
\ar@cellbox=\box63
) (c:/texlive/2022/texmf-dist/tex/latex/tools/longtable.sty
Package: longtable 2021-09-01 v4.17 Multi-page Table package (DPC)
\LTleft=\skip73
\LTright=\skip74
\LTpre=\skip75
\LTpost=\skip76
\LTchunksize=\count306
\LTcapwidth=\dimen188
\LT@head=\box64
\LT@firsthead=\box65
\LT@foot=\box66
\LT@lastfoot=\box67
\LT@gbox=\box68
\LT@cols=\count307
\LT@rows=\count308
\c@LT@tables=\count309
\c@LT@chunks=\count310
\LT@p@ftn=\toks48
) (c:/texlive/2022/texmf-dist/tex/latex/makecell/makecell.sty
Package: makecell 2009/08/03 V0.1e Managing of Tab Column Heads and Cells
\rotheadsize=\dimen189
\c@nlinenum=\count311
\TeXr@lab=\toks49
) (c:/texlive/2022/texmf-dist/tex/latex/tabu/tabu.sty
Package: tabu 2019/01/11 v2.9 - flexible LaTeX tabulars (FC+tabu-fixed)
 (c:/texlive/2022/texmf-dist/tex/latex/varwidth/varwidth.sty
Package: varwidth 2009/03/30 ver 0.92;  Variable-width minipages
\@vwid@box=\box69
\sift@deathcycles=\count312
\@vwid@loff=\dimen190
\@vwid@roff=\dimen191
)
\c@taburow=\count313
\tabu@nbcols=\count314
\tabu@cnt=\count315
\tabu@Xcol=\count316
\tabu@alloc=\count317
\tabu@nested=\count318
\tabu@target=\dimen192
\tabu@spreadtarget=\dimen193
\tabu@naturalX=\dimen194
\tabucolX=\dimen195
\tabu@Xsum=\dimen196
\extrarowdepth=\dimen197
\abovetabulinesep=\dimen198
\belowtabulinesep=\dimen199
\tabustrutrule=\dimen256
\tabu@thebody=\toks50
\tabu@footnotes=\toks51
\tabu@box=\box70
\tabu@arstrutbox=\box71
\tabu@hleads=\box72
\tabu@vleads=\box73
\tabu@cellskip=\skip77
) (c:/texlive/2022/texmf-dist/tex/latex/booktabs/booktabs.sty
Package: booktabs 2020/01/12 v1.61803398 Publication quality tables
\heavyrulewidth=\dimen257
\lightrulewidth=\dimen258
\cmidrulewidth=\dimen259
\belowrulesep=\dimen260
\belowbottomsep=\dimen261
\aboverulesep=\dimen262
\abovetopsep=\dimen263
\cmidrulesep=\dimen264
\cmidrulekern=\dimen265
\defaultaddspace=\dimen266
\@cmidla=\count319
\@cmidlb=\count320
\@aboverulesep=\dimen267
\@belowrulesep=\dimen268
\@thisruleclass=\count321
\@lastruleclass=\count322
\@thisrulewidth=\dimen269
) (c:/texlive/2022/texmf-dist/tex/latex/natbib/natbib.sty
Package: natbib 2010/09/13 8.31b (PWD, AO)
\bibhang=\skip78
\bibsep=\skip79
LaTeX Info: Redefining \cite on input line 694.
\c@NAT@ctr=\count323
) (c:/texlive/2022/texmf-dist/tex/latex/hyperref/hyperref.sty
Package: hyperref 2022-02-21 v7.00n Hypertext links for LaTeX
 (c:/texlive/2022/texmf-dist/tex/generic/pdftexcmds/pdftexcmds.sty
Package: pdftexcmds 2020-06-27 v0.33 Utility functions of pdfTeX for LuaTeX (HO)
 (c:/texlive/2022/texmf-dist/tex/generic/infwarerr/infwarerr.sty
Package: infwarerr 2019/12/03 v1.5 Providing info/warning/error messages (HO)
)
Package pdftexcmds Info: \pdf@primitive is available.
Package pdftexcmds Info: \pdf@ifprimitive is available.
Package pdftexcmds Info: \pdfdraftmode found.
) (c:/texlive/2022/texmf-dist/tex/generic/kvdefinekeys/kvdefinekeys.sty
Package: kvdefinekeys 2019-12-19 v1.6 Define keys (HO)
) (c:/texlive/2022/texmf-dist/tex/generic/pdfescape/pdfescape.sty
Package: pdfescape 2019/12/09 v1.15 Implements pdfTeX's escape features (HO)
) (c:/texlive/2022/texmf-dist/tex/latex/hycolor/hycolor.sty
Package: hycolor 2020-01-27 v1.10 Color options for hyperref/bookmark (HO)
) (c:/texlive/2022/texmf-dist/tex/latex/letltxmacro/letltxmacro.sty
Package: letltxmacro 2019/12/03 v1.6 Let assignment for LaTeX macros (HO)
) (c:/texlive/2022/texmf-dist/tex/latex/auxhook/auxhook.sty
Package: auxhook 2019-12-17 v1.6 Hooks for auxiliary files (HO)
)
\@linkdim=\dimen270
\Hy@linkcounter=\count324
\Hy@pagecounter=\count325
 (c:/texlive/2022/texmf-dist/tex/latex/hyperref/pd1enc.def
File: pd1enc.def 2022-02-21 v7.00n Hyperref: PDFDocEncoding definition (HO)
Now handling font encoding PD1 ...
... no UTF-8 mapping file for font encoding PD1
) (c:/texlive/2022/texmf-dist/tex/generic/intcalc/intcalc.sty
Package: intcalc 2019/12/15 v1.3 Expandable calculations with integers (HO)
) (c:/texlive/2022/texmf-dist/tex/generic/etexcmds/etexcmds.sty
Package: etexcmds 2019/12/15 v1.7 Avoid name clashes with e-TeX commands (HO)
)
\Hy@SavedSpaceFactor=\count326
 (c:/texlive/2022/texmf-dist/tex/latex/hyperref/puenc.def
File: puenc.def 2022-02-21 v7.00n Hyperref: PDF Unicode definition (HO)
Now handling font encoding PU ...
... no UTF-8 mapping file for font encoding PU
)
Package hyperref Info: Option `unicode' set `true' on input line 4018.
Package hyperref Info: Hyper figures OFF on input line 4137.
Package hyperref Info: Link nesting OFF on input line 4142.
Package hyperref Info: Hyper index ON on input line 4145.
Package hyperref Info: Plain pages OFF on input line 4152.
Package hyperref Info: Backreferencing OFF on input line 4157.
Package hyperref Info: Implicit mode ON; LaTeX internals redefined.
Package hyperref Info: Bookmarks ON on input line 4390.
\c@Hy@tempcnt=\count327
 (c:/texlive/2022/texmf-dist/tex/latex/url/url.sty
\Urlmuskip=\muskip17
Package: url 2013/09/16  ver 3.4  Verb mode for urls, etc.
)
LaTeX Info: Redefining \url on input line 4749.
\XeTeXLinkMargin=\dimen271
 (c:/texlive/2022/texmf-dist/tex/generic/bitset/bitset.sty
Package: bitset 2019/12/09 v1.3 Handle bit-vector datatype (HO)
 (c:/texlive/2022/texmf-dist/tex/generic/bigintcalc/bigintcalc.sty
Package: bigintcalc 2019/12/15 v1.5 Expandable calculations on big integers (HO)
))
\Fld@menulength=\count328
\Field@Width=\dimen272
\Fld@charsize=\dimen273
Package hyperref Info: Hyper figures OFF on input line 6027.
Package hyperref Info: Link nesting OFF on input line 6032.
Package hyperref Info: Hyper index ON on input line 6035.
Package hyperref Info: backreferencing OFF on input line 6042.
Package hyperref Info: Link coloring OFF on input line 6047.
Package hyperref Info: Link coloring with OCG OFF on input line 6052.
Package hyperref Info: PDF/A mode OFF on input line 6057.
LaTeX Info: Redefining \ref on input line 6097.
LaTeX Info: Redefining \pageref on input line 6101.
 (c:/texlive/2022/texmf-dist/tex/latex/base/atbegshi-ltx.sty
Package: atbegshi-ltx 2021/01/10 v1.0c Emulation of the original atbegshi
package with kernel methods
)
\Hy@abspage=\count329
\c@Item=\count330
\c@Hfootnote=\count331
)
Package hyperref Info: Driver (autodetected): hpdftex.
 (c:/texlive/2022/texmf-dist/tex/latex/hyperref/hpdftex.def
File: hpdftex.def 2022-02-21 v7.00n Hyperref driver for pdfTeX
 (c:/texlive/2022/texmf-dist/tex/latex/base/atveryend-ltx.sty
Package: atveryend-ltx 2020/08/19 v1.0a Emulation of the original atveryend package
with kernel methods
)
\Fld@listcount=\count332
\c@bookmark@seq@number=\count333
 (c:/texlive/2022/texmf-dist/tex/latex/rerunfilecheck/rerunfilecheck.sty
Package: rerunfilecheck 2019/12/05 v1.9 Rerun checks for auxiliary files (HO)
 (c:/texlive/2022/texmf-dist/tex/generic/uniquecounter/uniquecounter.sty
Package: uniquecounter 2019/12/15 v1.4 Provide unlimited unique counter (HO)
)
Package uniquecounter Info: New unique counter `rerunfilecheck' on input line 286.
)
\Hy@SectionHShift=\skip80
)
Package hyperref Info: Option `unicode' set `true' on input line 118.
Package hyperref Info: Option `CJKbookmarks' set `false' on input line 118.
Package hyperref Info: Option `bookmarksnumbered' set `true' on input line 127.
Package hyperref Info: Option `bookmarksopen' set `true' on input line 127.
Package hyperref Info: Option `breaklinks' set `true' on input line 127.
Package hyperref Info: Option `colorlinks' set `true' on input line 127.
Package hyperref Info: Option `plainpages' set `false' on input line 127.
 (c:/texlive/2022/texmf-dist/tex/latex/geometry/geometry.sty
Package: geometry 2020/01/02 v5.9 Page Geometry
 (c:/texlive/2022/texmf-dist/tex/generic/iftex/ifvtex.sty
Package: ifvtex 2019/10/25 v1.7 ifvtex legacy package. Use iftex instead.
)
\Gm@cnth=\count334
\Gm@cntv=\count335
\c@Gm@tempcnt=\count336
\Gm@bindingoffset=\dimen274
\Gm@wd@mp=\dimen275
\Gm@odd@mp=\dimen276
\Gm@even@mp=\dimen277
\Gm@layoutwidth=\dimen278
\Gm@layoutheight=\dimen279
\Gm@layouthoffset=\dimen280
\Gm@layoutvoffset=\dimen281
\Gm@dimlist=\toks52
) (c:/texlive/2022/texmf-dist/tex/latex/fancyhdr/fancyhdr.sty
Package: fancyhdr 2021/01/28 v4.0.1 Extensive control of page headers and footers
\f@nch@headwidth=\skip81
\f@nch@O@elh=\skip82
\f@nch@O@erh=\skip83
\f@nch@O@olh=\skip84
\f@nch@O@orh=\skip85
\f@nch@O@elf=\skip86
\f@nch@O@erf=\skip87
\f@nch@O@olf=\skip88
\f@nch@O@orf=\skip89
)
\c@shu@bookmark=\count337
) (./shuthesis.cfg
File: shuthesis.cfg 2017/05/05 v2.0 Shanghai University Thesis Template
\c@currassumptionctr=\count338
\c@endassumptionctr=\count339
\c@assumption=\count340
\c@currpropositionctr=\count341
\c@endpropositionctr=\count342
\c@proposition=\count343
\c@currlemmactr=\count344
\c@endlemmactr=\count345
\c@lemma=\count346
\c@currtheoremctr=\count347
\c@endtheoremctr=\count348
\c@theorem=\count349
\c@curraxiomctr=\count350
\c@endaxiomctr=\count351
\c@axiom=\count352
\c@currcorollaryctr=\count353
\c@endcorollaryctr=\count354
\c@corollary=\count355
\c@currexercisectr=\count356
\c@endexercisectr=\count357
\c@exercise=\count358
\c@currexamplectr=\count359
\c@endexamplectr=\count360
\c@example=\count361
\c@currproblemctr=\count362
\c@endproblemctr=\count363
\c@problem=\count364
\c@currconjecturectr=\count365
\c@endconjecturectr=\count366
\c@conjecture=\count367
\c@currdefinitionctr=\count368
\c@enddefinitionctr=\count369
\c@definition=\count370
\c@currremarkctr=\count371
\c@endremarkctr=\count372
\c@remark=\count373
\c@currproofctr=\count374
\c@endproofctr=\count375
\c@proof=\count376
) (c:/texlive/2022/texmf-dist/tex/latex/pdfpages/pdfpages.sty
Package: pdfpages 2022/01/29 v0.5u Insert pages of external PDF documents (AM)
 (c:/texlive/2022/texmf-dist/tex/latex/eso-pic/eso-pic.sty
Package: eso-pic 2020/10/14 v3.0a eso-pic (RN)
\ESO@tempdima=\dimen282
\ESO@tempdimb=\dimen283
 (c:/texlive/2022/texmf-dist/tex/latex/xcolor/xcolor.sty
Package: xcolor 2021/10/31 v2.13 LaTeX color extensions (UK)
 (c:/texlive/2022/texmf-dist/tex/latex/graphics-cfg/color.cfg
File: color.cfg 2016/01/02 v1.6 sample color configuration
)
Package xcolor Info: Driver file: pdftex.def on input line 227.
Package xcolor Info: Model `cmy' substituted by `cmy0' on input line 1352.
Package xcolor Info: Model `hsb' substituted by `rgb' on input line 1356.
Package xcolor Info: Model `RGB' extended on input line 1368.
Package xcolor Info: Model `HTML' substituted by `rgb' on input line 1370.
Package xcolor Info: Model `Hsb' substituted by `hsb' on input line 1371.
Package xcolor Info: Model `tHsb' substituted by `hsb' on input line 1372.
Package xcolor Info: Model `HSB' substituted by `hsb' on input line 1373.
Package xcolor Info: Model `Gray' substituted by `gray' on input line 1374.
Package xcolor Info: Model `wave' substituted by `hsb' on input line 1375.
))
\AM@pagewidth=\dimen284
\AM@pageheight=\dimen285
\AM@fboxrule=\dimen286
 (c:/texlive/2022/texmf-dist/tex/latex/pdfpages/pppdftex.def
File: pppdftex.def 2022/01/29 v0.5u Pdfpages driver for pdfTeX (AM)
)
\pdfpages@includegraphics@status=\count377
\AM@pagebox=\box74
\AM@global@opts=\toks53
\AM@pagecnt=\count378
\AM@toc@title=\toks54
\c@AM@survey=\count379
\AM@templatesizebox=\box75
) (./shuthesis.sty
Package: shuthesis 2017/05/04
 (c:/texlive/2022/texmf-dist/tex/latex/multirow/multirow.sty
Package: multirow 2021/03/15 v2.8 Span multiple rows of a table
\multirow@colwidth=\skip90
\multirow@cntb=\count380
\multirow@dima=\skip91
\bigstrutjot=\dimen287
) (c:/texlive/2022/texmf-dist/tex/latex/tools/tabularx.sty
Package: tabularx 2020/01/15 v2.11c `tabularx' package (DPC)
\TX@col@width=\dimen288
\TX@old@table=\dimen289
\TX@old@col=\dimen290
\TX@target=\dimen291
\TX@delta=\dimen292
\TX@cols=\count381
\TX@ftn=\toks55
) (c:/texlive/2022/texmf-dist/tex/latex/diagbox/diagbox.sty
Package: diagbox 2020/02/09 v2.3 Making table heads with diagonal lines
 (c:/texlive/2022/texmf-dist/tex/latex/pict2e/pict2e.sty
Package: pict2e 2020/09/30 v0.4b Improved picture commands (HjG,RN,JT)
 (c:/texlive/2022/texmf-dist/tex/latex/pict2e/pict2e.cfg
File: pict2e.cfg 2016/02/05 v0.1u pict2e configuration for teTeX/TeXLive
)
Package pict2e Info: Driver file: pdftex.def on input line 112.
Package pict2e Info: Driver file for pict2e: p2e-pdftex.def on input line 114.
 (c:/texlive/2022/texmf-dist/tex/latex/pict2e/p2e-pdftex.def
File: p2e-pdftex.def 2016/02/05 v0.1u Driver-dependant file (RN,HjG,JT)
)
\pIIe@GRAPH=\toks56
\@arclen=\dimen293
\@arcrad=\dimen294
\pIIe@tempdima=\dimen295
\pIIe@tempdimb=\dimen296
\pIIe@tempdimc=\dimen297
\pIIe@tempdimd=\dimen298
\pIIe@tempdime=\dimen299
\pIIe@tempdimf=\dimen300
)
\diagbox@boxa=\box76
\diagbox@boxb=\box77
\diagbox@boxm=\box78
\diagbox@wd=\dimen301
\diagbox@ht=\dimen302
\diagbox@insepl=\dimen303
\diagbox@insepr=\dimen304
\diagbox@outsepl=\dimen305
\diagbox@outsepr=\dimen306
) (c:/texlive/2022/texmf-dist/tex/latex/float/float.sty
Package: float 2001/11/08 v1.3d Float enhancements (AL)
\c@float@type=\count382
\float@exts=\toks57
\float@box=\box79
\@float@everytoks=\toks58
\@floatcapt=\box80
)) (c:/texlive/2022/texmf-dist/tex/latex/psnfss/times.sty
Package: times 2020/03/25 PSNFSS-v9.3 (SPQR) 
) (c:/texlive/2022/texmf-dist/tex/latex/cjk/texinput/UTF8/UTF8.bdg
File: UTF8.bdg 2021/10/16 4.8.5
) (c:/texlive/2022/texmf-dist/tex/latex/cjk/texinput/UTF8/UTF8.enc
File: UTF8.enc 2021/10/16 4.8.5
) (c:/texlive/2022/texmf-dist/tex/latex/cjk/texinput/UTF8/UTF8.chr
File: UTF8.chr 2021/10/16 4.8.5
)
LaTeX Font Info:    Trying to load font information for OT1+ntxtlf on input line 17.
 (c:/texlive/2022/texmf-dist/tex/latex/newtx/ot1ntxtlf.fd
File: ot1ntxtlf.fd 2021/05/24 v1.0 font definition file for OT1/ntx/tlf
)
LaTeX Font Info:    Font shape `OT1/ntxtlf/m/n' will be
(Font)              scaled to size 12.045pt on input line 17.
 (./main.aux (./data/abstract.aux) (./data/chap01.aux) (./data/chap02.aux) (./data/chap03.aux) (./data/chap04.aux) (./data/acknowledgement.aux))
\openout1 = `main.aux'.

LaTeX Font Info:    Checking defaults for OML/cmm/m/it on input line 17.
LaTeX Font Info:    ... okay on input line 17.
LaTeX Font Info:    Checking defaults for OMS/cmsy/m/n on input line 17.
LaTeX Font Info:    ... okay on input line 17.
LaTeX Font Info:    Checking defaults for OT1/cmr/m/n on input line 17.
LaTeX Font Info:    ... okay on input line 17.
LaTeX Font Info:    Checking defaults for T1/cmr/m/n on input line 17.
LaTeX Font Info:    ... okay on input line 17.
LaTeX Font Info:    Checking defaults for TS1/cmr/m/n on input line 17.
LaTeX Font Info:    ... okay on input line 17.
LaTeX Font Info:    Checking defaults for OMX/cmex/m/n on input line 17.
LaTeX Font Info:    ... okay on input line 17.
LaTeX Font Info:    Checking defaults for U/cmr/m/n on input line 17.
LaTeX Font Info:    ... okay on input line 17.
LaTeX Font Info:    Checking defaults for C00/song/m/n on input line 17.
LaTeX Font Info:    ... okay on input line 17.
LaTeX Font Info:    Checking defaults for C05/song/m/n on input line 17.
LaTeX Font Info:    ... okay on input line 17.
LaTeX Font Info:    Checking defaults for C09/song/m/n on input line 17.
LaTeX Font Info:    ... okay on input line 17.
LaTeX Font Info:    Checking defaults for C10/song/m/n on input line 17.
LaTeX Font Info:    ... okay on input line 17.
LaTeX Font Info:    Checking defaults for C20/song/m/n on input line 17.
LaTeX Font Info:    ... okay on input line 17.
LaTeX Font Info:    Checking defaults for C19/song/m/n on input line 17.
LaTeX Font Info:    ... okay on input line 17.
LaTeX Font Info:    Checking defaults for C40/song/m/n on input line 17.
LaTeX Font Info:    ... okay on input line 17.
LaTeX Font Info:    Checking defaults for C42/song/m/n on input line 17.
LaTeX Font Info:    ... okay on input line 17.
LaTeX Font Info:    Checking defaults for C43/song/m/n on input line 17.
LaTeX Font Info:    ... okay on input line 17.
LaTeX Font Info:    Checking defaults for C50/song/m/n on input line 17.
LaTeX Font Info:    ... okay on input line 17.
LaTeX Font Info:    Checking defaults for C52/song/m/n on input line 17.
LaTeX Font Info:    ... okay on input line 17.
LaTeX Font Info:    Checking defaults for C49/song/m/n on input line 17.
LaTeX Font Info:    ... okay on input line 17.
LaTeX Font Info:    Checking defaults for C60/mj/m/n on input line 17.
LaTeX Font Info:    ... okay on input line 17.
LaTeX Font Info:    Checking defaults for C61/mj/m/n on input line 17.
LaTeX Font Info:    ... okay on input line 17.
LaTeX Font Info:    Checking defaults for C63/mj/m/n on input line 17.
LaTeX Font Info:    ... okay on input line 17.
LaTeX Font Info:    Checking defaults for C64/mj/m/n on input line 17.
LaTeX Font Info:    ... okay on input line 17.
LaTeX Font Info:    Checking defaults for C65/mj/m/n on input line 17.
LaTeX Font Info:    ... okay on input line 17.
LaTeX Font Info:    Checking defaults for C70/song/m/n on input line 17.
LaTeX Font Info:    ... okay on input line 17.
LaTeX Font Info:    Checking defaults for C31/song/m/n on input line 17.
LaTeX Font Info:    ... okay on input line 17.
LaTeX Font Info:    Checking defaults for C32/song/m/n on input line 17.
LaTeX Font Info:    ... okay on input line 17.
LaTeX Font Info:    Checking defaults for C33/song/m/n on input line 17.
LaTeX Font Info:    ... okay on input line 17.
LaTeX Font Info:    Checking defaults for C34/song/m/n on input line 17.
LaTeX Font Info:    ... okay on input line 17.
LaTeX Font Info:    Checking defaults for C35/song/m/n on input line 17.
LaTeX Font Info:    ... okay on input line 17.
LaTeX Font Info:    Checking defaults for C36/song/m/n on input line 17.
LaTeX Font Info:    ... okay on input line 17.
LaTeX Font Info:    Checking defaults for C37/song/m/n on input line 17.
LaTeX Font Info:    ... okay on input line 17.
LaTeX Font Info:    Checking defaults for C80/song/m/n on input line 17.
LaTeX Font Info:    ... okay on input line 17.
LaTeX Font Info:    Checking defaults for C81/song/m/n on input line 17.
LaTeX Font Info:    ... okay on input line 17.
LaTeX Font Info:    Checking defaults for C01/song/m/n on input line 17.
LaTeX Font Info:    ... okay on input line 17.
LaTeX Font Info:    Checking defaults for C11/song/m/n on input line 17.
LaTeX Font Info:    ... okay on input line 17.
LaTeX Font Info:    Checking defaults for C21/song/m/n on input line 17.
LaTeX Font Info:    ... okay on input line 17.
LaTeX Font Info:    Checking defaults for C41/song/m/n on input line 17.
LaTeX Font Info:    ... okay on input line 17.
LaTeX Font Info:    Checking defaults for C62/song/m/n on input line 17.
LaTeX Font Info:    ... okay on input line 17.
LaTeX Font Info:    Checking defaults for PD1/pdf/m/n on input line 17.
LaTeX Font Info:    ... okay on input line 17.
LaTeX Font Info:    Checking defaults for PU/pdf/m/n on input line 17.
LaTeX Font Info:    ... okay on input line 17.
\c@mv@tabular=\count383
\c@mv@boldtabular=\count384
 (c:/texlive/2022/texmf-dist/tex/context/base/mkii/supp-pdf.mkii
[Loading MPS to PDF converter (version 2006.09.02).]
\scratchcounter=\count385
\scratchdimen=\dimen307
\scratchbox=\box81
\nofMPsegments=\count386
\nofMParguments=\count387
\everyMPshowfont=\toks59
\MPscratchCnt=\count388
\MPscratchDim=\dimen308
\MPnumerator=\count389
\makeMPintoPDFobject=\count390
\everyMPtoPDFconversion=\toks60
) (c:/texlive/2022/texmf-dist/tex/latex/epstopdf-pkg/epstopdf-base.sty
Package: epstopdf-base 2020-01-24 v2.11 Base part for package epstopdf
Package epstopdf-base Info: Redefining graphics rule for `.eps' on input line 485.
 (c:/texlive/2022/texmf-dist/tex/latex/latexconfig/epstopdf-sys.cfg
File: epstopdf-sys.cfg 2010/07/13 v1.3 Configuration of (r)epstopdf for TeX Live
))
Package caption Info: Begin \AtBeginDocument code.
Package caption Info: float package is loaded.
Package caption Info: hyperref package is loaded.
Package caption Info: longtable package is loaded.
 (c:/texlive/2022/texmf-dist/tex/latex/caption/ltcaption.sty
Package: ltcaption 2021/01/08 v1.4c longtable captions (AR)
)
Package caption Info: End \AtBeginDocument code.
Package hyperref Info: Link coloring ON on input line 17.
 (c:/texlive/2022/texmf-dist/tex/latex/hyperref/nameref.sty
Package: nameref 2021-04-02 v2.47 Cross-referencing by name of section
 (c:/texlive/2022/texmf-dist/tex/latex/refcount/refcount.sty
Package: refcount 2019/12/15 v3.6 Data extraction from label references (HO)
) (c:/texlive/2022/texmf-dist/tex/generic/gettitlestring/gettitlestring.sty
Package: gettitlestring 2019/12/15 v1.6 Cleanup title references (HO)
)
\c@section@level=\count391
)
LaTeX Info: Redefining \ref on input line 17.
LaTeX Info: Redefining \pageref on input line 17.
LaTeX Info: Redefining \nameref on input line 17.
 (./main.out) (./main.out)
\@outlinefile=\write3
\openout3 = `main.out'.


*geometry* driver: auto-detecting
*geometry* detected driver: pdftex
*geometry* verbose mode - [ preamble ] result:
* driver: pdftex
* paper: a4paper
* layout: <same size as paper>
* layoutoffset:(h,v)=(0.0pt,0.0pt)
* modes: twoside 
* h-part:(L,W,R)=(79.66771pt, 438.17245pt, 79.66771pt)
* v-part:(T,H,B)=(85.35826pt, 685.71143pt, 73.97716pt)
* \paperwidth=597.50787pt
* \paperheight=845.04684pt
* \textwidth=438.17245pt
* \textheight=685.71143pt
* \oddsidemargin=7.39772pt
* \evensidemargin=7.39772pt
* \topmargin=-29.59084pt
* \headheight=22.76219pt
* \headsep=19.91692pt
* \topskip=12.0pt
* \footskip=19.91692pt
* \marginparwidth=0.0pt
* \marginparsep=0.0pt
* \columnsep=10.0pt
* \skip\footins=10.8pt plus 4.0pt minus 2.0pt
* \hoffset=0.0pt
* \voffset=0.0pt
* \mag=1000
* \@twocolumnfalse
* \@twosidetrue
* \@mparswitchtrue
* \@reversemarginfalse
* (1in=72.27pt=25.4mm, 1cm=28.453pt)

(c:/texlive/2022/texmf-dist/tex/latex/pdflscape/pdflscape.sty
Package: pdflscape 2019/12/05 v0.12 Display of landscape pages in PDF (HO)
 (c:/texlive/2022/texmf-dist/tex/latex/graphics/lscape.sty
Package: lscape 2020/05/28 v3.02 Landscape Pages (DPC)
)
Package pdflscape Info: Auto-detected driver: pdftex on input line 81.
)

pdfTeX warning: pdflatex.exe (file ./cover.pdf): PDF inclusion: found PDF version <1.7>, but at most version <1.5> allowed
<cover.pdf, id=136, 597.55246pt x 845.07724pt>
File: cover.pdf Graphic file (type pdf)
<use cover.pdf>
Package pdftex.def Info: cover.pdf  used on input line 18.
(pdftex.def)             Requested size: 597.551pt x 845.07518pt.


pdfTeX warning: pdflatex.exe (file ./cover.pdf): PDF inclusion: found PDF version <1.7>, but at most version <1.5> allowed
File: cover.pdf Graphic file (type pdf)
<use cover.pdf>
Package pdftex.def Info: cover.pdf  used on input line 18.
(pdftex.def)             Requested size: 597.551pt x 845.07518pt.


pdfTeX warning: pdflatex.exe (file ./cover.pdf): PDF inclusion: found PDF version <1.7>, but at most version <1.5> allowed


pdfTeX warning: pdflatex.exe (file ./cover.pdf): PDF inclusion: found PDF version <1.7>, but at most version <1.5> allowed
<cover.pdf, id=139, page=1, 597.55246pt x 845.07724pt>
File: cover.pdf Graphic file (type pdf)
<use cover.pdf, page 1>
Package pdftex.def Info: cover.pdf , page1 used on input line 18.
(pdftex.def)             Requested size: 597.551pt x 845.07518pt.
File: cover.pdf Graphic file (type pdf)
<use cover.pdf, page 1>
Package pdftex.def Info: cover.pdf , page1 used on input line 18.
(pdftex.def)             Requested size: 597.57834pt x 845.11386pt.
File: cover.pdf Graphic file (type pdf)
<use cover.pdf, page 1>
Package pdftex.def Info: cover.pdf , page1 used on input line 18.
(pdftex.def)             Requested size: 597.57834pt x 845.11386pt.
File: cover.pdf Graphic file (type pdf)
<use cover.pdf, page 1>
Package pdftex.def Info: cover.pdf , page1 used on input line 18.
(pdftex.def)             Requested size: 597.57834pt x 845.11386pt.
(c:/texlive/2022/texmf-dist/tex/generic/ctex/zhmap/ctex-zhmap-windows.tex
File: ctex-zhmap-windows.tex 2021/12/12 v2.5.8 Windows font map loader for pdfTeX and DVIPDFMx (CTEX)
{c:/texlive/2022/texmf-var/fonts/map/pdftex/updmap/pdftex.map}{UGBK.sfd}{Unicode.sfd})
File: cover.pdf Graphic file (type pdf)
<use cover.pdf, page 1>
Package pdftex.def Info: cover.pdf , page1 used on input line 18.
(pdftex.def)             Requested size: 597.57834pt x 845.11386pt.
 [1

 <./cover.pdf>]
LaTeX Font Info:    Trying to load font information for OT1+phv on input line 23.
 (c:/texlive/2022/texmf-dist/tex/latex/psnfss/ot1phv.fd
File: ot1phv.fd 2020/03/25 scalable font definitions for OT1/phv.
)
LaTeX Font Info:    Trying to load font information for C70+zhhei on input line 23.
 (c:/texlive/2022/texmf-dist/tex/latex/zhmetrics/c70zhhei.fd
File: c70zhhei.fd 2009/09/23 4.8.2
) (./main.toc
LaTeX Font Info:    Trying to load font information for U+msa on input line 1.
 (c:/texlive/2022/texmf-dist/tex/latex/amsfonts/umsa.fd
File: umsa.fd 2013/01/14 v3.01 AMS symbols A
)
LaTeX Font Info:    Trying to load font information for U+msb on input line 1.
 (c:/texlive/2022/texmf-dist/tex/latex/amsfonts/umsb.fd
File: umsb.fd 2013/01/14 v3.01 AMS symbols B
)
LaTeX Font Info:    Trying to load font information for U+rsfs on input line 1.
 (c:/texlive/2022/texmf-dist/tex/latex/jknapltx/ursfs.fd
File: ursfs.fd 1998/03/24 rsfs font definition file (jk)
)
LaTeX Font Info:    Trying to load font information for TS1+ntxtlf on input line 4.
 (c:/texlive/2022/texmf-dist/tex/latex/newtx/ts1ntxtlf.fd
File: ts1ntxtlf.fd 2015/01/18 v1.0 fd file for TS1/ntxtlf
)
LaTeX Font Info:    Font shape `TS1/ntxtlf/m/n' will be
(Font)              scaled to size 12.045pt on input line 4.
LaTeX Font Info:    Trying to load font information for C70+rm on input line 4.
 (c:/texlive/2022/texmf-dist/tex/latex/ctex/fd/c70rm.fd
File: c70rm.fd 2021/12/12 v2.5.8 Chinese font definition (CTEX)
)
LaTeX Font Info:    Font shape `OT1/ntxtlf/m/n' will be
(Font)              scaled to size 9.03374pt on input line 32.
LaTeX Font Info:    Font shape `OT1/ntxtlf/m/n' will be
(Font)              scaled to size 10.53937pt on input line 32.
 [1


])
\tf@toc=\write4
\openout4 = `main.toc'.

 [2]
\openout2 = `data/abstract.aux'.

 (./data/abstract.tex
LaTeX Font Info:    Font shape `OT1/ntxtlf/m/n' will be
(Font)              scaled to size 26.09749pt on input line 6.
LaTeX Font Info:    Font shape `OT1/ntxtlf/b/n' will be
(Font)              scaled to size 26.09749pt on input line 6.
Package CJKpunct Info: use punctuation spaces for family 'rm' with punctstyle (quanjiao) on input line 14.
LaTeX Font Info:    Font shape `OT1/ntxtlf/b/n' will be
(Font)              scaled to size 12.045pt on input line 17.
 [3

]) [4]
\openout2 = `data/chap01.aux'.

 (./data/chap01.tex
Á¨¨1Á´†
LaTeX Font Info:    Trying to load font information for TS1+phv on input line 7.
(c:/texlive/2022/texmf-dist/tex/latex/psnfss/ts1phv.fd
File: ts1phv.fd 2020/03/25 scalable font definitions for TS1/phv.
)
LaTeX Font Info:    Font shape `OT1/ntxtlf/m/n' will be
(Font)              scaled to size 8.0pt on input line 9.

pdfTeX warning (ext4): destination with the same identifier (name{page.1}) has been already used, duplicate ignored
<to be read again> 
                   \relax 
l.18 
      [1





] [2]
Underfull \hbox (badness 1308) in paragraph at lines 49--50
[]\C70/rm/m/n/12.045/7b , \C70/rm/m/n/12.045/56 € \C70/rm/m/n/12.045/7a ‡ \C70/rm/m/n/12.045/52 ^^F \C70/rm/m/n/12.045/67 ê \C70/rm/m/n/12.045/4e Ü \C70/rm/m/n/12.045/65 p \C70/rm/m/n/12.045/63 n \C70/rm/m/n/12.045/96 ∆ \C70/rm/m/n/12.045/4e - \C70/rm/m/n/12.045/76 Ñ \C70/rm/m/n/12.045/51 Ö \C70/rm/m/n/12.045/5b π|\C70/rm/m/n/12.045/ff ^^L| \C70/rm/m/n/12.045/52 ) \C70/rm/m/n/12.045/75 ( \C70/rm/m/n/12.045/65 p \C70/rm/m/n/12.045/63 n \C70/rm/m/n/12.045/8f € \C70/rm/m/n/12.045/88 L \C70/rm/m/n/12.045/4e Ü \C70/rm/m/n/12.045/75 ^^_ \C70/rm/m/n/12.045/5b X \C70/rm/m/n/12.045/52 ^^F \C70/rm/m/n/12.045/67 ê|\C70/rm/m/n/12.045/ff ^^L| \C70/rm/m/n/12.045/4f ^^? \C70/rm/m/n/12.045/75 (\OT1/ntxtlf/m/n/12.045 KM\C70/rm/m/n/12.045/66 Ú \C70/rm/m/n/12.045/7e ø
 []

) [3]
\openout2 = `data/chap02.aux'.

 (./data/chap02.tex
Á¨¨2Á´†

Underfull \hbox (badness 1953) in paragraph at lines 13--14
\C70/rm/m/n/12.045/4e :\OT1/ntxtlf/m/n/12.045 3.10.9|\C70/rm/m/n/12.045/ff ^^L| \OT1/ntxtlf/m/n/12.045 Vue.js\C70/rm/m/n/12.045/72 H \C70/rm/m/n/12.045/67 , \C70/rm/m/n/12.045/4e :\OT1/ntxtlf/m/n/12.045 5.0.8|\C70/rm/m/n/12.045/ff ^^L| \C70/rm/m/n/12.045/4e ; \C70/rm/m/n/12.045/89 Å \C70/rm/m/n/12.045/4f ù \C70/rm/m/n/12.045/8d V \C70/rm/m/n/12.045/4e :\OT1/ntxtlf/m/n/12.045 Element-plus|\C70/rm/m/n/12.045/30 ^^B| \OT1/ntxtlf/m/n/12.045 WSL2\C70/rm/m/n/12.045/66 / \C70/rm/m/n/12.045/57 ˙ \C70/rm/m/n/12.045/4e é\OT1/ntxtlf/m/n/12.045 Windows\C70/rm/m/n/12.045/5f ^^@
 []


Underfull \hbox (badness 3449) in paragraph at lines 13--14
\C70/rm/m/n/12.045/53 — \C70/rm/m/n/12.045/76 Ñ\OT1/ntxtlf/m/n/12.045 Linux\C70/rm/m/n/12.045/5b P \C70/rm/m/n/12.045/7c ˚ \C70/rm/m/n/12.045/7e ﬂ|\C70/rm/m/n/12.045/ff ^^L| \C70/rm/m/n/12.045/4f ^^? \C70/rm/m/n/12.045/75 ( \C70/rm/m/n/12.045/5b P \C70/rm/m/n/12.045/7c ˚ \C70/rm/m/n/12.045/7e ﬂ \C70/rm/m/n/12.045/53 Ô \C70/rm/m/n/12.045/4e Â \C70/rm/m/n/12.045/57 ( \C70/rm/m/n/12.045/60 ' \C70/rm/m/n/12.045/80 ˝ \C70/rm/m/n/12.045/4e ^^M \C70/rm/m/n/12.045/53 ◊ \C70/rm/m/n/12.045/96 P \C70/rm/m/n/12.045/76 Ñ \C70/rm/m/n/12.045/60 ≈ \C70/rm/m/n/12.045/51 µ \C70/rm/m/n/12.045/4e  \C70/rm/m/n/12.045/4f ^^? \C70/rm/m/n/12.045/75 (\OT1/ntxtlf/m/n/12.045 Windows\C70/rm/m/n/12.045/76 Ñ \C70/rm/m/n/12.045/59 '
 []


Underfull \hbox (badness 3861) in paragraph at lines 13--14
\C70/rm/m/n/12.045/90 Ë \C70/rm/m/n/12.045/52 ^^F \C70/rm/m/n/12.045/8b ° \C70/rm/m/n/12.045/7b ó \C70/rm/m/n/12.045/4e ^^N \C70/rm/m/n/12.045/5b X \C70/rm/m/n/12.045/50 ® \C70/rm/m/n/12.045/8d D \C70/rm/m/n/12.045/6e ê|\C70/rm/m/n/12.045/ff ^^L| \C70/rm/m/n/12.045/4e ^^T \C70/rm/m/n/12.045/4f   \C70/rm/m/n/12.045/7e ﬂ \C70/rm/m/n/12.045/76 Ñ \C70/rm/m/n/12.045/86 Z \C70/rm/m/n/12.045/62 ﬂ \C70/rm/m/n/12.045/67 : \C70/rm/m/n/12.045/4e ^^N \C70/rm/m/n/12.045/53 Ã \C70/rm/m/n/12.045/54 / \C70/rm/m/n/12.045/52 ® \C70/rm/m/n/12.045/7c ˚ \C70/rm/m/n/12.045/7e ﬂ \C70/rm/m/n/12.045/76 Ñ \C70/rm/m/n/12.045/5f ^^@ \C70/rm/m/n/12.045/95 ^^@ \C70/rm/m/n/12.045/4e _ ^^M \C70/rm/m/n/12.045/5b X \C70/rm/m/n/12.045/57 (|\C70/rm/m/n/12.045/30 ^^B| \C70/rm/m/n/12.045/76 ¯
 []


Underfull \hbox (badness 1546) in paragraph at lines 13--14
\C70/rm/m/n/12.045/8f É \C70/rm/m/n/12.045/4e é \C70/rm/m/n/12.045/76 Ù \C70/rm/m/n/12.045/63 • \C70/rm/m/n/12.045/4f ^^? \C70/rm/m/n/12.045/75 (\OT1/ntxtlf/m/n/12.045 Windows\C70/rm/m/n/12.045/8f € \C70/rm/m/n/12.045/88 L \C70/rm/m/n/12.045/5f ^^@ \C70/rm/m/n/12.045/53 —|\C70/rm/m/n/12.045/ff ^^L| \C70/rm/m/n/12.045/4f ^^? \C70/rm/m/n/12.045/75 (\OT1/ntxtlf/m/n/12.045 WSL\C70/rm/m/n/12.045/8f € \C70/rm/m/n/12.045/88 L \C70/rm/m/n/12.045/5f ^^@ \C70/rm/m/n/12.045/53 — \C70/rm/m/n/12.045/80 ˝ \C70/rm/m/n/12.045/59 ^^_ \C70/rm/m/n/12.045/4f ^^? \C70/rm/m/n/12.045/75 (\OT1/ntxtlf/m/n/12.045 apt|\C70/rm/m/n/12.045/30 ^^A| \OT1/ntxtlf/m/n/12.045 pacman\C70/rm/m/n/12.045/7b I \C70/rm/m/n/12.045/53 ^^E
 []


Underfull \hbox (badness 4205) in paragraph at lines 13--14
\C70/rm/m/n/12.045/7b ° \C70/rm/m/n/12.045/74 ^^F \C70/rm/m/n/12.045/56 h|\C70/rm/m/n/12.045/ff ^^L| \C70/rm/m/n/12.045/4e ^^T\OT1/ntxtlf/m/n/12.045 Arch\C70/rm/m/n/12.045/8f ÿ \C70/rm/m/n/12.045/51 w \C70/rm/m/n/12.045/67 	 \C70/rm/m/n/12.045/8b Ê \C70/rm/m/n/12.045/7e ∆ \C70/rm/m/n/12.045/76 Ñ \C70/rm/m/n/12.045/5b ò \C70/rm/m/n/12.045/65 π\OT1/ntxtlf/m/n/12.045 WIKI\C70/rm/m/n/12.045/4e ^^N \C70/rm/m/n/12.045/79 > \C70/rm/m/n/12.045/53 : \C70/rm/m/n/12.045/65 / \C70/rm/m/n/12.045/63 ^^A|\C70/rm/m/n/12.045/ff ^^[| \C70/rm/m/n/12.045/80 ^^L \C70/rm/m/n/12.045/6b ‘ \C70/rm/m/n/12.045/8f É \C70/rm/m/n/12.045/4f ^^? \C70/rm/m/n/12.045/75 (\OT1/ntxtlf/m/n/12.045 Linux\C70/rm/m/n/12.045/5f ^^@ \C70/rm/m/n/12.045/53 —|\C70/rm/m/n/12.045/ff ^^L|
 []

[4




] [5]
Underfull \hbox (badness 10000) in paragraph at lines 53--54
[]\OT1/ntxtlf/m/n/12.045 Flask\C70/rm/m/n/12.045/66 / \C70/rm/m/n/12.045/75 1\OT1/ntxtlf/m/n/12.045 Python\C70/rm/m/n/12.045/5b û \C70/rm/m/n/12.045/73 ∞ \C70/rm/m/n/12.045/76 Ñ \C70/rm/m/n/12.045/8f { \C70/rm/m/n/12.045/91 œ \C70/rm/m/n/12.045/53 ^^V\OT1/ntxtlf/m/n/12.045 Web\C70/rm/m/n/12.045/68 F \C70/rm/m/n/12.045/67 ∂|\C70/rm/m/n/12.045/ff ^^L| \C70/rm/m/n/12.045/5b É \C70/rm/m/n/12.045/76 Ñ \C70/rm/m/n/12.045/5b û \C70/rm/m/n/12.045/73 ∞ \C70/rm/m/n/12.045/66 / \C70/rm/m/n/12.045/51 H \C70/rm/m/n/12.045/57 ˙ \C70/rm/m/n/12.045/4e é \C70/rm/m/n/12.045/5e ï \C70/rm/m/n/12.045/5c B
 []

[6] [7]) [8]
\openout2 = `data/chap03.aux'.

 (./data/chap03.tex
Á¨¨3Á´†
<figures//paper_database.drawio.png, id=521, 527.9725pt x 502.87875pt>
File: figures//paper_database.drawio.png Graphic file (type png)
<use figures//paper_database.drawio.png>
Package pdftex.def Info: figures//paper_database.drawio.png  used on input line 11.
(pdftex.def)             Requested size: 422.37857pt x 402.30354pt.
LaTeX Font Info:    Font shape `OT1/ntxtlf/m/n' will be
(Font)              scaled to size 11.04124pt on input line 12.
) [9




 <./figures//paper_database.drawio.png>]
\openout2 = `data/chap04.aux'.

 (./data/chap04.tex
Á¨¨4Á´†
LaTeX Font Info:    Trying to load font information for OT1+pcr on input line 4.
(c:/texlive/2022/texmf-dist/tex/latex/psnfss/ot1pcr.fd
File: ot1pcr.fd 2001/06/04 font definitions for OT1/pcr.
)) [10




]
\openout2 = `data/acknowledgement.aux'.

 (./data/acknowledgement.tex

Package hyperref Warning: Token not allowed in a PDF string (Unicode):
(hyperref)                \hskip 12.045pt
(hyperref)                replaced by space on input line 3.

) [11





] (./main.bbl

LaTeX Font Warning: Font shape `U/rsfs/m/n' in size <10.53937> not available
(Font)              size <10.95> substituted on input line 15.

) [12




] (./data/appendix.tex
ÈôÑÂΩï A

Underfull \hbox (badness 10000) in paragraph at lines 2--3

 []


Underfull \hbox (badness 10000) in paragraph at lines 10--12

 []


Underfull \hbox (badness 10000) in paragraph at lines 18--20

 []

)
\tf@thm=\write5
\openout5 = `main.thm'.

 [13


] (./main.aux (./data/abstract.aux) (./data/chap01.aux) (./data/chap02.aux) (./data/chap03.aux) (./data/chap04.aux) (./data/acknowledgement.aux))

LaTeX Font Warning: Size substitutions with differences
(Font)              up to 0.41063pt have occurred.

Package rerunfilecheck Info: File `main.out' has not changed.
(rerunfilecheck)             Checksum: 0736FA33BE6E4AFD563A77E1E8ACB441;4456.
 ) 
Here is how much of TeX's memory you used:
 25640 strings out of 478268
 433332 string characters out of 5850346
 702034 words of memory out of 5000000
 42825 multiletter control sequences out of 15000+600000
 575256 words of font info for 370 fonts, out of 8000000 for 9000
 1142 hyphenation exceptions out of 8191
 98i,17n,145p,2054b,574s stack positions out of 10000i,1000n,20000p,200000b,200000s
{c:/texlive/2022/texmf-dist/fonts/enc/dvips/base/8r.enc}<c:/Windows/Fonts/simhei.ttf><c:/Windows/Fonts/simhei.ttf><c:/Windows/Fonts/simhei.ttf><c:/Windows/Fonts/simhei.ttf><c:/Windows/Fonts/simhei.ttf><c:/Windows/Fonts/simsun.ttc><c:/Windows/Fonts/simsun.ttc><c:/Windows/Fonts/simhei.ttf><c:/Windows/Fonts/simhei.ttf><c:/Windows/Fonts/simsun.ttc><c:/Windows/Fonts/simhei.ttf><c:/Windows/Fonts/simsun.ttc><c:/Windows/Fonts/simhei.ttf><c:/Windows/Fonts/simsun.ttc><c:/Windows/Fonts/simsun.ttc><c:/Windows/Fonts/simsun.ttc><c:/Windows/Fonts/simsun.ttc><c:/Windows/Fonts/simsun.ttc><c:/Windows/Fonts/simhei.ttf><c:/Windows/Fonts/simhei.ttf><c:/Windows/Fonts/simhei.ttf><c:/Windows/Fonts/simhei.ttf><c:/Windows/Fonts/simhei.ttf><c:/Windows/Fonts/simhei.ttf><c:/Windows/Fonts/simsun.ttc><c:/Windows/Fonts/simsun.ttc><c:/Windows/Fonts/simsun.ttc><c:/Windows/Fonts/simsun.ttc><c:/Windows/Fonts/simhei.ttf><c:/Windows/Fonts/simhei.ttf><c:/Windows/Fonts/simhei.ttf>{c:/texlive/2022/texmf-dist/fonts/enc/dvips/newtx/ntx-ot1-tlf.enc}<c:/Windows/Fonts/simhei.ttf><c:/Windows/Fonts/simsun.ttc><c:/Windows/Fonts/simsun.ttc><c:/Windows/Fonts/simsun.ttc><c:/Windows/Fonts/simsun.ttc><c:/Windows/Fonts/simsun.ttc><c:/Windows/Fonts/simsun.ttc><c:/Windows/Fonts/simsun.ttc><c:/Windows/Fonts/simsun.ttc><c:/Windows/Fonts/simsun.ttc><c:/Windows/Fonts/simsun.ttc><c:/Windows/Fonts/simsun.ttc><c:/Windows/Fonts/simsun.ttc><c:/Windows/Fonts/simsun.ttc><c:/Windows/Fonts/simsun.ttc><c:/Windows/Fonts/simsun.ttc><c:/Windows/Fonts/simsun.ttc><c:/Windows/Fonts/simsun.ttc><c:/Windows/Fonts/simsun.ttc><c:/Windows/Fonts/simhei.ttf><c:/Windows/Fonts/simhei.ttf><c:/Windows/Fonts/simhei.ttf><c:/Windows/Fonts/simhei.ttf><c:/Windows/Fonts/simhei.ttf><c:/Windows/Fonts/simhei.ttf><c:/Windows/Fonts/simhei.ttf><c:/Windows/Fonts/simhei.ttf><c:/Windows/Fonts/simhei.ttf><c:/Windows/Fonts/simhei.ttf><c:/Windows/Fonts/simhei.ttf><c:/Windows/Fonts/simsun.ttc><c:/Windows/Fonts/simsun.ttc><c:/Windows/Fonts/simsun.ttc><c:/Windows/Fonts/simsun.ttc><c:/Windows/Fonts/simhei.ttf><c:/Windows/Fonts/simhei.ttf><c:/Windows/Fonts/simhei.ttf><c:/Windows/Fonts/simsun.ttc><c:/Windows/Fonts/simsun.ttc><c:/Windows/Fonts/simsun.ttc><c:/Windows/Fonts/simsun.ttc><c:/Windows/Fonts/simsun.ttc><c:/Windows/Fonts/simsun.ttc><c:/Windows/Fonts/simsun.ttc><c:/Windows/Fonts/simsun.ttc><c:/Windows/Fonts/simsun.ttc><c:/Windows/Fonts/simsun.ttc><c:/Windows/Fonts/simhei.ttf><c:/Windows/Fonts/simhei.ttf><c:/Windows/Fonts/simhei.ttf><c:/Windows/Fonts/simhei.ttf><c:/Windows/Fonts/simhei.ttf><c:/Windows/Fonts/simhei.ttf><c:/Windows/Fonts/simhei.ttf><c:/Windows/Fonts/simhei.ttf><c:/Windows/Fonts/simhei.ttf><c:/Windows/Fonts/simhei.ttf><c:/Windows/Fonts/simsun.ttc><c:/Windows/Fonts/simsun.ttc><c:/Windows/Fonts/simsun.ttc><c:/Windows/Fonts/simsun.ttc><c:/Windows/Fonts/simsun.ttc><c:/Windows/Fonts/simsun.ttc><c:/Windows/Fonts/simsun.ttc><c:/Windows/Fonts/simsun.ttc><c:/Windows/Fonts/simsun.ttc><c:/Windows/Fonts/simsun.ttc><c:/Windows/Fonts/simsun.ttc><c:/Windows/Fonts/simsun.ttc><c:/Windows/Fonts/simsun.ttc><c:/Windows/Fonts/simsun.ttc><c:/Windows/Fonts/simsun.ttc><c:/Windows/Fonts/simsun.ttc><c:/Windows/Fonts/simsun.ttc><c:/Windows/Fonts/simsun.ttc><c:/Windows/Fonts/simsun.ttc><c:/Windows/Fonts/simsun.ttc><c:/Windows/Fonts/simsun.ttc><c:/Windows/Fonts/simsun.ttc>{c:/texlive/2022/texmf-dist/fonts/enc/dvips/tex-gyre/q-ts1.enc}<c:/Windows/Fonts/simhei.ttf><c:/Windows/Fonts/simhei.ttf><c:/Windows/Fonts/simhei.ttf><c:/Windows/Fonts/simhei.ttf><c:/Windows/Fonts/simhei.ttf><c:/Windows/Fonts/simhei.ttf><c:/Windows/Fonts/simhei.ttf><c:/Windows/Fonts/simhei.ttf><c:/Windows/Fonts/simsun.ttc><c:/Windows/Fonts/simsun.ttc><c:/Windows/Fonts/simsun.ttc><c:/Windows/Fonts/simsun.ttc><c:/Windows/Fonts/simsun.ttc><c:/Windows/Fonts/simsun.ttc><c:/Windows/Fonts/simsun.ttc><c:/texlive/2022/texmf-dist/fonts/type1/public/amsfonts/cm/cmex10.pfb><c:/texlive/2022/texmf-dist/fonts/type1/public/amsfonts/cm/cmmi10.pfb><c:/texlive/2022/texmf-dist/fonts/type1/public/amsfonts/cm/cmmi12.pfb><c:/texlive/2022/texmf-dist/fonts/type1/public/amsfonts/cm/cmmi6.pfb><c:/texlive/2022/texmf-dist/fonts/type1/public/amsfonts/cm/cmmi8.pfb><c:/texlive/2022/texmf-dist/fonts/type1/public/amsfonts/cm/cmr12.pfb><c:/texlive/2022/texmf-dist/fonts/type1/public/amsfonts/cm/cmr6.pfb><c:/texlive/2022/texmf-dist/fonts/type1/public/amsfonts/cm/cmr7.pfb><c:/texlive/2022/texmf-dist/fonts/type1/public/amsfonts/cm/cmr8.pfb><c:/texlive/2022/texmf-dist/fonts/type1/public/amsfonts/cm/cmsy10.pfb><c:/texlive/2022/texmf-dist/fonts/type1/public/tex-gyre/qtmr.pfb><c:/texlive/2022/texmf-dist/fonts/type1/urw/courier/ucrr8a.pfb><c:/texlive/2022/texmf-dist/fonts/type1/urw/helvetic/uhvb8a.pfb><c:/texlive/2022/texmf-dist/fonts/type1/urw/helvetic/uhvr8a.pfb><c:/texlive/2022/texmf-dist/fonts/type1/public/newtx/ztmb.pfb><c:/texlive/2022/texmf-dist/fonts/type1/public/newtx/ztmr.pfb>
Output written on main.pdf (18 pages, 1075455 bytes).
PDF statistics:
 1045 PDF objects out of 1200 (max. 8388607)
 767 compressed objects within 8 object streams
 69 named destinations out of 1000 (max. 500000)
 586 words of extra memory for PDF output out of 10000 (max. 10000000)

