\BOOKMARK [0][]{chapter*.2}{\376\377\144\130\000\040\211\201}{}% 1
\BOOKMARK [0][]{chapter*.3}{\376\377\000A\000B\000S\000T\000R\000A\000C\000T}{}% 2
\BOOKMARK [0][]{chapter.1}{\376\377\173\054\0001\172\340\000\040\176\352\213\272}{}% 3
\BOOKMARK [1][]{section.1.1}{\376\377\000\247\0001\000.\0001\000\040\170\024\172\166\200\314\146\157\116\016\141\017\116\111}{chapter.1}% 4
\BOOKMARK [1][]{section.1.2}{\376\377\000\247\0001\000.\0002\000\040\133\120\133\253\200\211\166\044\170\024\172\166\123\321\134\125\163\260\162\266}{chapter.1}% 5
\BOOKMARK [2][-]{subsection.1.2.1}{\376\377\000\247\0001\000.\0002\000.\0001\000\040\127\050\133\120\133\253\200\211\166\044\145\271\227\142\117\177\165\050\166\204\126\376\120\317\152\041\127\213}{section.1.2}% 6
\BOOKMARK [2][-]{subsection.1.2.2}{\376\377\000\247\0001\000.\0002\000.\0002\000\040\127\050\133\120\133\253\200\211\166\044\145\271\227\142\117\177\165\050\166\204\145\160\143\156\152\041\127\213}{section.1.2}% 7
\BOOKMARK [1][]{section.1.3}{\376\377\000\247\0001\000.\0003\000\040\147\054\145\207\166\204\170\024\172\166\121\205\133\271\123\312\166\356\150\007}{chapter.1}% 8
\BOOKMARK [2][-]{subsection.1.3.1}{\376\377\000\247\0001\000.\0003\000.\0001\000\040\170\024\172\166\121\205\133\271}{section.1.3}% 9
\BOOKMARK [2][-]{subsection.1.3.2}{\376\377\000\247\0001\000.\0003\000.\0002\000\040\170\024\172\166\166\356\150\007}{section.1.3}% 10
\BOOKMARK [1][]{section.1.4}{\376\377\000\247\0001\000.\0004\000\040\147\054\145\207\176\304\176\307\176\323\147\204}{chapter.1}% 11
\BOOKMARK [0][]{chapter.2}{\376\377\173\054\0002\172\340\000\040\133\120\133\253\200\211\166\044\230\204\124\016\152\041\127\213\166\370\121\163\142\200\147\057\176\374\217\360}{}% 12
\BOOKMARK [1][]{section.2.1}{\376\377\000\247\0002\000.\0001\000\040\163\257\130\203}{chapter.2}% 13
\BOOKMARK [1][]{section.2.2}{\376\377\000\247\0002\000.\0002\000\040\142\200\147\057\150\010}{chapter.2}% 14
\BOOKMARK [2][-]{subsection.2.2.1}{\376\377\000\247\0002\000.\0002\000.\0001\000\040\000D\000o\000c\000k\000e\000r}{section.2.2}% 15
\BOOKMARK [2][-]{subsection.2.2.2}{\376\377\000\247\0002\000.\0002\000.\0002\000\040\000V\000u\000e\000.\000j\000s}{section.2.2}% 16
\BOOKMARK [2][-]{subsection.2.2.3}{\376\377\000\247\0002\000.\0002\000.\0003\000\040\000F\000l\000a\000s\000k}{section.2.2}% 17
\BOOKMARK [1][]{section.2.3}{\376\377\000\247\0002\000.\0003\000\040\165\037\133\130\122\006\147\220\145\271\154\325}{chapter.2}% 18
\BOOKMARK [2][-]{subsection.2.3.1}{\376\377\000\247\0002\000.\0003\000.\0001\000\040\000K\000M\146\362\176\277}{section.2.3}% 19
\BOOKMARK [2][-]{subsection.2.3.2}{\376\377\000\247\0002\000.\0003\000.\0002\000\040\000C\000o\000x\123\125\000/\131\032\126\340\175\040\122\006\147\220}{section.2.3}% 20
\BOOKMARK [1][]{section.2.4}{\376\377\000\247\0002\000.\0004\000\040\121\166\116\326\230\204\124\016\152\041\127\213}{chapter.2}% 21
\BOOKMARK [2][-]{subsection.2.4.1}{\376\377\000\247\0002\000.\0004\000.\0001\000\040\121\263\173\126\150\021}{section.2.4}% 22
\BOOKMARK [2][-]{subsection.2.4.2}{\376\377\000\247\0002\000.\0004\000.\0002\000\040\226\217\147\072\150\356\147\227}{section.2.4}% 23
\BOOKMARK [2][-]{subsection.2.4.3}{\376\377\000\247\0002\000.\0004\000.\0003\000\040\200\132\174\173\000+\122\006\174\173}{section.2.4}% 24
\BOOKMARK [0][]{chapter.3}{\376\377\173\054\0003\172\340\000\040\133\120\133\253\200\211\166\044\230\204\124\016\152\041\127\213\166\204\145\160\143\156\143\320\123\326}{}% 25
\BOOKMARK [1][]{section.3.1}{\376\377\000\247\0003\000.\0001\000\040\145\160\143\156\156\220\116\313\176\315}{chapter.3}% 26
\BOOKMARK [2][-]{subsection.3.1.1}{\376\377\000\247\0003\000.\0001\000.\0001\000\040\000S\000E\000E\000R\166\114\165\307\145\160\143\156\136\223}{section.3.1}% 27
\BOOKMARK [2][-]{subsection.3.1.2}{\376\377\000\247\0003\000.\0001\000.\0002\000\040\123\073\226\142\232\214\213\301\145\160\143\156\136\223}{section.3.1}% 28
\BOOKMARK [1][]{section.3.2}{\376\377\000\247\0003\000.\0002\000\040\145\160\143\156\133\127\153\265\133\371\136\224\177\026\170\001\116\016\124\053\116\111}{chapter.3}% 29
\BOOKMARK [0][]{chapter.4}{\376\377\173\054\0004\172\340\000\040\123\302\200\003\145\207\163\056}{}% 30
\BOOKMARK [0][]{section*.5}{\376\377\201\364\000\040\214\042}{}% 31
\BOOKMARK [0][]{section*.7}{\376\377\123\302\200\003\145\207\163\056}{}% 32
\BOOKMARK [0][]{appendix.A}{\376\377\226\104\137\125\000\040\000A\000\040\176\317\121\170\116\015\173\111\137\017}{}% 33
